[debug] [2021-03-22T04:53:23.454Z] ----------------------------------------------------------------------
[debug] [2021-03-22T04:53:23.455Z] Command:       /usr/local/bin/node /usr/local/bin/firebase init
[debug] [2021-03-22T04:53:23.456Z] CLI Version:   9.6.1
[debug] [2021-03-22T04:53:23.456Z] Platform:      darwin
[debug] [2021-03-22T04:53:23.456Z] Node Version:  v14.15.4
[debug] [2021-03-22T04:53:23.461Z] Time:          Mon Mar 22 2021 11:53:23 GMT+0700 (Indochina Time)
[debug] [2021-03-22T04:53:23.462Z] ----------------------------------------------------------------------
[debug] [2021-03-22T04:53:23.462Z] 
[debug] [2021-03-22T04:53:23.466Z] > command requires scopes: ["email","openid","https://www.googleapis.com/auth/cloudplatformprojects.readonly","https://www.googleapis.com/auth/firebase","https://www.googleapis.com/auth/cloud-platform"]
[debug] [2021-03-22T04:53:23.466Z] > authorizing via signed-in user
[info] 
     ######## #### ########  ######## ########     ###     ######  ########
     ##        ##  ##     ## ##       ##     ##  ##   ##  ##       ##
     ######    ##  ########  ######   ########  #########  ######  ######
     ##        ##  ##    ##  ##       ##     ## ##     ##       ## ##
     ##       #### ##     ## ######## ########  ##     ##  ######  ########

You're about to initialize a Firebase project in this directory:

  /Users/blackcrayon/Documents/Work/NodeJS/Login_01/my-app

[info] 
=== Project Setup
[info] 
[info] First, let's associate this project directory with a Firebase project.
[info] You can create multiple project aliases by running firebase use --add, 
[info] but for now we'll just set up a default project.
[info] 
[debug] [2021-03-22T04:55:46.182Z] >>> [apiv2][query] GET https://firebase.googleapis.com/v1beta1/projects pageSize=100
[debug] [2021-03-22T04:55:46.745Z] <<< [apiv2][status] GET https://firebase.googleapis.com/v1beta1/projects 200
[debug] [2021-03-22T04:55:46.746Z] <<< [apiv2][body] GET https://firebase.googleapis.com/v1beta1/projects [omitted]
[info] i  Using project fishmate-4d8d3 (FishMate) 
[info] 
=== Hosting Setup
[info] 
[info] Your public directory is the folder (relative to your project directory) that
[info] will contain Hosting assets to be uploaded with firebase deploy. If you
[info] have a build process for your assets, use your build's output directory.
[info] 
